Success /home/icas/Desktop/Clean/test/testa/sub1/file1.txt and /home/icas/Desktop/Clean/test/testb/sub1/file1.txt are equally sized : 6059.
Success /home/icas/Desktop/Clean/test/testa/sub1/test2.png and /home/icas/Desktop/Clean/test/testb/sub1/test2.png are equally sized : 53142.
Success /home/icas/Desktop/Clean/test/testa/sub1/sub2/sub3/sub1/file1.txt and /home/icas/Desktop/Clean/test/testb/sub1/sub2/sub3/sub1/file1.txt are equally sized : 6059.
Success /home/icas/Desktop/Clean/test/testa/sub1/sub2/sub3/sub1/test2.png and /home/icas/Desktop/Clean/test/testb/sub1/sub2/sub3/sub1/test2.png are equally sized : 53142.
Success /home/icas/Desktop/Clean/test/testa/sub1/sub2/sub3/sub1/file3.txt and /home/icas/Desktop/Clean/test/testb/sub1/sub2/sub3/sub1/file3.txt are equally sized : 60159.
Success /home/icas/Desktop/Clean/test/testa/sub1/sub2/sub3/sub1/test3.png and /home/icas/Desktop/Clean/test/testb/sub1/sub2/sub3/sub1/test3.png are equally sized : 989.
Success /home/icas/Desktop/Clean/test/testa/sub1/sub2/sub3/sub1/file4.txt and /home/icas/Desktop/Clean/test/testb/sub1/sub2/sub3/sub1/file4.txt are equally sized : 180477.
Success /home/icas/Desktop/Clean/test/testa/sub1/sub2/sub3/sub1/file5.txt and /home/icas/Desktop/Clean/test/testb/sub1/sub2/sub3/sub1/file5.txt are equally sized : 1203361.
Success /home/icas/Desktop/Clean/test/testa/sub1/sub2/sub3/sub1/file2.txt and /home/icas/Desktop/Clean/test/testb/sub1/sub2/sub3/sub1/file2.txt are equally sized : 36349.
Success /home/icas/Desktop/Clean/test/testa/sub1/sub2/sub3/sub1/test1.png and /home/icas/Desktop/Clean/test/testb/sub1/sub2/sub3/sub1/test1.png are equally sized : 5405.
Success /home/icas/Desktop/Clean/test/testa/sub1/sub2/sub3/file1.txt and /home/icas/Desktop/Clean/test/testb/sub1/sub2/sub3/file1.txt are equally sized : 6059.
Success /home/icas/Desktop/Clean/test/testa/sub1/sub2/sub3/test2.png and /home/icas/Desktop/Clean/test/testb/sub1/sub2/sub3/test2.png are equally sized : 53142.
Success /home/icas/Desktop/Clean/test/testa/sub1/sub2/sub3/file3.txt and /home/icas/Desktop/Clean/test/testb/sub1/sub2/sub3/file3.txt are equally sized : 60159.
Success /home/icas/Desktop/Clean/test/testa/sub1/sub2/sub3/test3.png and /home/icas/Desktop/Clean/test/testb/sub1/sub2/sub3/test3.png are equally sized : 989.
Success /home/icas/Desktop/Clean/test/testa/sub1/sub2/sub3/file4.txt and /home/icas/Desktop/Clean/test/testb/sub1/sub2/sub3/file4.txt are equally sized : 180477.
Success /home/icas/Desktop/Clean/test/testa/sub1/sub2/sub3/file5.txt and /home/icas/Desktop/Clean/test/testb/sub1/sub2/sub3/file5.txt are equally sized : 1203361.
Success /home/icas/Desktop/Clean/test/testa/sub1/sub2/sub3/file2.txt and /home/icas/Desktop/Clean/test/testb/sub1/sub2/sub3/file2.txt are equally sized : 36349.
Success /home/icas/Desktop/Clean/test/testa/sub1/sub2/sub3/test1.png and /home/icas/Desktop/Clean/test/testb/sub1/sub2/sub3/test1.png are equally sized : 5405.
Success /home/icas/Desktop/Clean/test/testa/sub1/file3.txt and /home/icas/Desktop/Clean/test/testb/sub1/file3.txt are equally sized : 60159.
Success /home/icas/Desktop/Clean/test/testa/sub1/test3.png and /home/icas/Desktop/Clean/test/testb/sub1/test3.png are equally sized : 989.
Success /home/icas/Desktop/Clean/test/testa/sub1/file4.txt and /home/icas/Desktop/Clean/test/testb/sub1/file4.txt are equally sized : 180477.
Success /home/icas/Desktop/Clean/test/testa/sub1/file5.txt and /home/icas/Desktop/Clean/test/testb/sub1/file5.txt are equally sized : 1203361.
Success /home/icas/Desktop/Clean/test/testa/sub1/file2.txt and /home/icas/Desktop/Clean/test/testb/sub1/file2.txt are equally sized : 36349.
Success /home/icas/Desktop/Clean/test/testa/sub1/test1.png and /home/icas/Desktop/Clean/test/testb/sub1/test1.png are equally sized : 5405.
Success /home/icas/Desktop/Clean/test/testa/file1.txt and /home/icas/Desktop/Clean/test/testb/file1.txt are equally sized : 6059.
Success /home/icas/Desktop/Clean/test/testa/test2.png and /home/icas/Desktop/Clean/test/testb/test2.png are equally sized : 53142.
Success /home/icas/Desktop/Clean/test/testa/file3.txt and /home/icas/Desktop/Clean/test/testb/file3.txt are equally sized : 60159.
Success /home/icas/Desktop/Clean/test/testa/file2.txt and /home/icas/Desktop/Clean/test/testb/file2.txt are equally sized : 36349.
Success /home/icas/Desktop/Clean/test/testa/test1.png and /home/icas/Desktop/Clean/test/testb/test1.png are equally sized : 5405.
